c:\users\조진호\desktop\fast_n_furious\fast_n_furious\server\server\x64\debug\vc143.pdb
c:\users\조진호\desktop\fast_n_furious\fast_n_furious\server\server\x64\debug\vc143.idb
c:\users\조진호\desktop\fast_n_furious\fast_n_furious\server\server\x64\debug\system.obj
c:\users\조진호\desktop\fast_n_furious\fast_n_furious\server\server\x64\debug\superpeerscouter.obj
c:\users\조진호\desktop\fast_n_furious\fast_n_furious\server\server\x64\debug\main.obj
c:\users\조진호\desktop\fast_n_furious\fast_n_furious\server\server\x64\debug\server.obj
c:\users\조진호\desktop\fast_n_furious\fast_n_furious\server\server\x64\debug\roommanager.obj
c:\users\조진호\desktop\fast_n_furious\fast_n_furious\server\server\x64\debug\room.obj
c:\users\조진호\desktop\fast_n_furious\fast_n_furious\server\server\x64\debug\packetmanager.obj
c:\users\조진호\desktop\fast_n_furious\fast_n_furious\server\server\x64\debug\packethandler.obj
c:\users\조진호\desktop\fast_n_furious\fast_n_furious\server\server\x64\debug\holepunchinghandler.obj
c:\users\조진호\desktop\fast_n_furious\fast_n_furious\server\server\x64\debug\client.obj
c:\users\조진호\desktop\fast_n_furious\fast_n_furious\server\server\x64\debug\server.ilk
c:\users\조진호\desktop\fast_n_furious\fast_n_furious\server\x64\debug\server.pdb
c:\users\조진호\desktop\fast_n_furious\fast_n_furious\server\server\x64\debug\server.tlog\cl.command.1.tlog
c:\users\조진호\desktop\fast_n_furious\fast_n_furious\server\server\x64\debug\server.tlog\cl.items.tlog
c:\users\조진호\desktop\fast_n_furious\fast_n_furious\server\server\x64\debug\server.tlog\cl.read.1.tlog
c:\users\조진호\desktop\fast_n_furious\fast_n_furious\server\server\x64\debug\server.tlog\cl.write.1.tlog
c:\users\조진호\desktop\fast_n_furious\fast_n_furious\server\server\x64\debug\server.tlog\link.32208-cvtres.read.1.tlog
c:\users\조진호\desktop\fast_n_furious\fast_n_furious\server\server\x64\debug\server.tlog\link.32208-cvtres.write.1.tlog
c:\users\조진호\desktop\fast_n_furious\fast_n_furious\server\server\x64\debug\server.tlog\link.32208-rc.read.1.tlog
c:\users\조진호\desktop\fast_n_furious\fast_n_furious\server\server\x64\debug\server.tlog\link.32208-rc.write.1.tlog
c:\users\조진호\desktop\fast_n_furious\fast_n_furious\server\server\x64\debug\server.tlog\link.32208.read.1.tlog
c:\users\조진호\desktop\fast_n_furious\fast_n_furious\server\server\x64\debug\server.tlog\link.32208.read.2.tlog
c:\users\조진호\desktop\fast_n_furious\fast_n_furious\server\server\x64\debug\server.tlog\link.32208.read.3.tlog
c:\users\조진호\desktop\fast_n_furious\fast_n_furious\server\server\x64\debug\server.tlog\link.32208.read.4.tlog
c:\users\조진호\desktop\fast_n_furious\fast_n_furious\server\server\x64\debug\server.tlog\link.32208.write.1.tlog
c:\users\조진호\desktop\fast_n_furious\fast_n_furious\server\server\x64\debug\server.tlog\link.command.1.tlog
c:\users\조진호\desktop\fast_n_furious\fast_n_furious\server\server\x64\debug\server.tlog\link.read.1.tlog
c:\users\조진호\desktop\fast_n_furious\fast_n_furious\server\server\x64\debug\server.tlog\link.secondary.1.tlog
c:\users\조진호\desktop\fast_n_furious\fast_n_furious\server\server\x64\debug\server.tlog\link.write.1.tlog
